<?xml version="1.0" encoding="utf-8"?><testsuites name="pytest tests"><testsuite name="pytest" errors="0" failures="0" skipped="0" tests="5" time="2.561" timestamp="2026-08-07T02:31:02.140318+00:00" hostname="agent-env-5dfe11ee-f66f-4562-a1aa-eeee470e184c"><testcase classname="tests.test_itstea.TestItsTeaAPI" name="test_root_endpoint" time="0.067" /><testcase classname="tests.test_itstea.TestItsTeaAPI" name="test_rfq_submission" time="0.023" /><testcase classname="tests.test_itstea.TestItsTeaAPI" name="test_track_shipment_valid" time="0.011" /><testcase classname="tests.test_itstea.TestItsTeaAPI" name="test_track_shipment_invalid" time="0.056" /><testcase classname="tests.test_itstea.TestItsTeaAPI" name="test_calculate_quote" time="0.012" /></testsuite></testsuites>